  0%|          | 0/100 [00:00<?, ?it/s]  1%|          | 1/100 [00:01<03:08,  1.90s/it]  2%|▏         | 2/100 [00:07<06:21,  3.90s/it]  3%|▎         | 3/100 [00:08<04:32,  2.81s/it]  4%|▍         | 4/100 [00:10<03:37,  2.27s/it]  5%|▌         | 5/100 [00:11<03:10,  2.00s/it]  6%|▌         | 6/100 [00:14<03:38,  2.33s/it]  7%|▋         | 7/100 [00:14<02:36,  1.68s/it]  8%|▊         | 8/100 [00:15<01:58,  1.29s/it]  9%|▉         | 9/100 [00:15<01:32,  1.01s/it] 10%|█         | 10/100 [00:16<01:34,  1.05s/it] 11%|█         | 11/100 [00:18<01:44,  1.18s/it] 12%|█▏        | 12/100 [00:19<01:32,  1.05s/it] 13%|█▎        | 13/100 [00:19<01:12,  1.21it/s] 14%|█▍        | 14/100 [00:22<01:55,  1.34s/it] 15%|█▌        | 15/100 [00:25<02:51,  2.02s/it] 16%|█▌        | 16/100 [00:26<02:25,  1.73s/it] 17%|█▋        | 17/100 [00:26<01:47,  1.29s/it] 18%|█▊        | 18/100 [00:27<01:30,  1.10s/it] 19%|█▉        | 19/100 [00:28<01:13,  1.10it/s] 20%|██        | 20/100 [00:28<00:56,  1.41it/s] 21%|██        | 21/100 [00:28<00:45,  1.74it/s] 22%|██▏       | 22/100 [00:28<00:38,  2.04it/s] 23%|██▎       | 23/100 [00:29<00:33,  2.33it/s] 24%|██▍       | 24/100 [00:29<00:27,  2.73it/s] 25%|██▌       | 25/100 [00:29<00:32,  2.28it/s] 26%|██▌       | 26/100 [00:30<00:28,  2.63it/s] 27%|██▋       | 27/100 [00:30<00:24,  2.93it/s] 28%|██▊       | 28/100 [00:30<00:22,  3.22it/s] 29%|██▉       | 29/100 [00:31<00:25,  2.77it/s] 30%|███       | 30/100 [00:31<00:25,  2.77it/s] 31%|███       | 31/100 [00:31<00:22,  3.08it/s] 32%|███▏      | 32/100 [00:32<00:22,  3.02it/s] 33%|███▎      | 33/100 [00:32<00:22,  3.00it/s] 34%|███▍      | 34/100 [00:32<00:23,  2.77it/s] 35%|███▌      | 35/100 [00:33<00:21,  3.08it/s] 36%|███▌      | 36/100 [00:33<00:19,  3.30it/s] 37%|███▋      | 37/100 [00:33<00:17,  3.60it/s] 38%|███▊      | 38/100 [00:34<00:24,  2.52it/s] 39%|███▉      | 39/100 [00:34<00:26,  2.32it/s] 40%|████      | 40/100 [00:35<00:23,  2.61it/s] 41%|████      | 41/100 [00:35<00:21,  2.74it/s] 42%|████▏     | 42/100 [00:35<00:23,  2.48it/s] 43%|████▎     | 43/100 [00:36<00:24,  2.29it/s] 44%|████▍     | 44/100 [00:36<00:25,  2.21it/s] 45%|████▌     | 45/100 [00:37<00:25,  2.14it/s] 46%|████▌     | 46/100 [00:38<00:34,  1.58it/s] 47%|████▋     | 47/100 [00:38<00:26,  1.98it/s] 48%|████▊     | 48/100 [00:39<00:26,  1.93it/s] 49%|████▉     | 49/100 [00:39<00:25,  1.99it/s] 50%|█████     | 50/100 [00:41<00:38,  1.30it/s] 51%|█████     | 51/100 [00:41<00:31,  1.54it/s] 52%|█████▏    | 52/100 [00:41<00:26,  1.80it/s] 53%|█████▎    | 53/100 [00:42<00:22,  2.06it/s] 54%|█████▍    | 54/100 [00:42<00:20,  2.26it/s] 55%|█████▌    | 55/100 [00:42<00:18,  2.38it/s] 56%|█████▌    | 56/100 [00:43<00:16,  2.64it/s] 57%|█████▋    | 57/100 [00:43<00:14,  2.89it/s] 58%|█████▊    | 58/100 [00:43<00:16,  2.59it/s] 59%|█████▉    | 59/100 [00:44<00:14,  2.92it/s] 60%|██████    | 60/100 [00:44<00:17,  2.31it/s] 61%|██████    | 61/100 [00:45<00:17,  2.18it/s] 62%|██████▏   | 62/100 [00:45<00:20,  1.82it/s] 63%|██████▎   | 63/100 [00:46<00:20,  1.82it/s] 64%|██████▍   | 64/100 [00:46<00:17,  2.09it/s] 65%|██████▌   | 65/100 [00:47<00:14,  2.48it/s] 66%|██████▌   | 66/100 [00:47<00:13,  2.57it/s] 67%|██████▋   | 67/100 [00:47<00:11,  2.94it/s] 68%|██████▊   | 68/100 [00:48<00:12,  2.56it/s] 69%|██████▉   | 69/100 [00:48<00:11,  2.66it/s] 70%|███████   | 70/100 [00:48<00:12,  2.43it/s] 71%|███████   | 71/100 [00:49<00:11,  2.55it/s] 72%|███████▏  | 72/100 [00:49<00:09,  2.97it/s] 73%|███████▎  | 73/100 [00:49<00:08,  3.34it/s] 74%|███████▍  | 74/100 [00:49<00:06,  3.87it/s] 75%|███████▌  | 75/100 [00:50<00:05,  4.32it/s] 76%|███████▌  | 76/100 [00:50<00:05,  4.51it/s] 77%|███████▋  | 77/100 [00:50<00:04,  4.85it/s] 78%|███████▊  | 78/100 [00:50<00:05,  4.07it/s] 79%|███████▉  | 79/100 [00:50<00:04,  4.50it/s] 80%|████████  | 80/100 [00:51<00:06,  2.94it/s] 81%|████████  | 81/100 [00:51<00:05,  3.41it/s] 82%|████████▏ | 82/100 [00:52<00:05,  3.32it/s] 83%|████████▎ | 83/100 [00:52<00:05,  3.30it/s] 84%|████████▍ | 84/100 [00:52<00:05,  2.91it/s] 85%|████████▌ | 85/100 [00:53<00:04,  3.20it/s] 86%|████████▌ | 86/100 [00:53<00:05,  2.40it/s] 87%|████████▋ | 87/100 [00:54<00:06,  1.99it/s] 88%|████████▊ | 88/100 [00:54<00:05,  2.21it/s] 89%|████████▉ | 89/100 [00:55<00:04,  2.36it/s] 90%|█████████ | 90/100 [02:29<04:46, 28.61s/it] 91%|█████████ | 91/100 [03:38<06:06, 40.73s/it] 92%|█████████▏| 92/100 [03:39<03:49, 28.72s/it] 93%|█████████▎| 93/100 [03:40<02:24, 20.58s/it] 94%|█████████▍| 94/100 [03:45<01:35, 15.89s/it]100%|██████████| 100/100 [03:45<00:00,  4.46s/it]100%|██████████| 100/100 [03:45<00:00,  2.26s/it]
  0%|          | 0/100 [00:00<?, ?it/s]  1%|          | 1/100 [00:01<02:54,  1.76s/it]  2%|▏         | 2/100 [00:06<05:47,  3.54s/it]  3%|▎         | 3/100 [00:07<04:02,  2.50s/it]  4%|▍         | 4/100 [00:09<03:10,  1.99s/it]  5%|▌         | 5/100 [00:10<02:52,  1.82s/it]  6%|▌         | 6/100 [00:13<03:25,  2.18s/it]  7%|▋         | 7/100 [00:13<02:24,  1.55s/it]  8%|▊         | 8/100 [00:14<01:48,  1.18s/it]  9%|▉         | 9/100 [00:14<01:23,  1.09it/s] 10%|█         | 10/100 [00:15<01:25,  1.05it/s] 11%|█         | 11/100 [00:16<01:34,  1.06s/it] 12%|█▏        | 12/100 [00:17<01:24,  1.04it/s] 13%|█▎        | 13/100 [00:17<01:05,  1.32it/s] 14%|█▍        | 14/100 [00:20<01:47,  1.24s/it] 15%|█▌        | 15/100 [00:23<02:43,  1.92s/it] 16%|█▌        | 16/100 [00:24<02:18,  1.65s/it] 17%|█▋        | 17/100 [00:24<01:41,  1.22s/it] 18%|█▊        | 18/100 [00:25<01:23,  1.01s/it] 19%|█▉        | 19/100 [00:25<01:06,  1.22it/s] 20%|██        | 20/100 [00:25<00:50,  1.59it/s] 21%|██        | 21/100 [00:26<00:40,  1.97it/s] 22%|██▏       | 22/100 [00:26<00:33,  2.32it/s] 23%|██▎       | 23/100 [00:26<00:29,  2.59it/s] 24%|██▍       | 24/100 [00:26<00:24,  3.05it/s] 25%|██▌       | 25/100 [00:27<00:27,  2.77it/s] 26%|██▌       | 26/100 [00:27<00:23,  3.17it/s] 27%|██▋       | 27/100 [00:27<00:20,  3.48it/s] 28%|██▊       | 28/100 [00:27<00:19,  3.77it/s] 29%|██▉       | 29/100 [00:28<00:22,  3.13it/s] 30%|███       | 30/100 [00:28<00:23,  3.01it/s] 31%|███       | 31/100 [00:29<00:21,  3.26it/s] 32%|███▏      | 32/100 [00:29<00:21,  3.22it/s] 33%|███▎      | 33/100 [00:29<00:20,  3.25it/s] 34%|███▍      | 34/100 [00:30<00:21,  3.01it/s] 35%|███▌      | 35/100 [00:30<00:19,  3.35it/s] 36%|███▌      | 36/100 [00:30<00:17,  3.65it/s] 37%|███▋      | 37/100 [00:30<00:15,  4.05it/s] 38%|███▊      | 38/100 [00:31<00:21,  2.82it/s] 39%|███▉      | 39/100 [00:31<00:23,  2.62it/s] 40%|████      | 40/100 [00:31<00:20,  2.92it/s] 41%|████      | 41/100 [00:32<00:18,  3.11it/s] 42%|████▏     | 42/100 [00:32<00:20,  2.83it/s] 43%|████▎     | 43/100 [00:33<00:21,  2.63it/s] 44%|████▍     | 44/100 [00:33<00:22,  2.45it/s] 45%|████▌     | 45/100 [00:34<00:23,  2.36it/s] 46%|████▌     | 46/100 [00:35<00:31,  1.70it/s] 47%|████▋     | 47/100 [00:35<00:24,  2.12it/s] 48%|████▊     | 48/100 [00:35<00:25,  2.06it/s] 49%|████▉     | 49/100 [00:36<00:24,  2.11it/s] 50%|█████     | 50/100 [00:37<00:37,  1.34it/s] 51%|█████     | 51/100 [00:37<00:30,  1.58it/s] 52%|█████▏    | 52/100 [00:38<00:25,  1.89it/s] 53%|█████▎    | 53/100 [00:38<00:21,  2.16it/s] 54%|█████▍    | 54/100 [00:38<00:18,  2.45it/s] 55%|█████▌    | 55/100 [00:39<00:17,  2.53it/s] 56%|█████▌    | 56/100 [00:39<00:15,  2.80it/s] 57%|█████▋    | 57/100 [00:39<00:13,  3.11it/s] 58%|█████▊    | 58/100 [00:40<00:15,  2.75it/s] 59%|█████▉    | 59/100 [00:40<00:12,  3.29it/s] 60%|██████    | 60/100 [00:40<00:13,  2.99it/s] 61%|██████    | 61/100 [00:41<00:14,  2.69it/s] 62%|██████▏   | 62/100 [00:41<00:18,  2.06it/s] 63%|██████▎   | 63/100 [00:42<00:18,  1.99it/s] 64%|██████▍   | 64/100 [00:42<00:15,  2.28it/s] 65%|██████▌   | 65/100 [00:42<00:12,  2.74it/s] 66%|██████▌   | 66/100 [00:43<00:11,  2.92it/s] 67%|██████▋   | 67/100 [00:43<00:09,  3.38it/s] 68%|██████▊   | 68/100 [00:43<00:10,  2.92it/s] 69%|██████▉   | 69/100 [00:44<00:10,  3.05it/s] 70%|███████   | 70/100 [00:44<00:09,  3.22it/s] 71%|███████   | 71/100 [00:44<00:09,  3.17it/s] 72%|███████▏  | 72/100 [00:44<00:07,  3.55it/s] 73%|███████▎  | 73/100 [00:45<00:06,  3.97it/s] 74%|███████▍  | 74/100 [00:45<00:05,  4.61it/s] 75%|███████▌  | 75/100 [00:45<00:04,  5.14it/s] 76%|███████▌  | 76/100 [00:45<00:04,  5.32it/s] 77%|███████▋  | 77/100 [00:45<00:04,  5.69it/s] 78%|███████▊  | 78/100 [00:46<00:04,  4.69it/s] 79%|███████▉  | 79/100 [00:46<00:03,  5.25it/s] 80%|████████  | 80/100 [00:46<00:05,  3.91it/s] 81%|████████  | 81/100 [00:46<00:04,  4.41it/s] 82%|████████▏ | 82/100 [00:47<00:04,  4.03it/s] 83%|████████▎ | 83/100 [00:47<00:04,  3.84it/s] 84%|████████▍ | 84/100 [00:47<00:04,  3.26it/s] 85%|████████▌ | 85/100 [00:47<00:04,  3.57it/s] 86%|████████▌ | 86/100 [00:48<00:05,  2.53it/s] 87%|████████▋ | 87/100 [00:49<00:06,  2.08it/s] 88%|████████▊ | 88/100 [00:49<00:04,  2.46it/s] 89%|████████▉ | 89/100 [00:49<00:04,  2.69it/s] 90%|█████████ | 90/100 [02:19<04:33, 27.30s/it] 91%|█████████ | 91/100 [03:25<05:47, 38.66s/it] 92%|█████████▏| 92/100 [03:25<03:37, 27.14s/it] 93%|█████████▎| 93/100 [03:25<02:13, 19.06s/it] 94%|█████████▍| 94/100 [03:27<01:23, 13.91s/it]100%|██████████| 100/100 [03:27<00:00,  2.08s/it]
  0%|          | 0/100 [00:00<?, ?it/s]  1%|          | 1/100 [00:01<02:44,  1.66s/it]  2%|▏         | 2/100 [00:06<05:50,  3.58s/it]  3%|▎         | 3/100 [00:07<04:00,  2.48s/it]  4%|▍         | 4/100 [00:08<03:04,  1.92s/it]  5%|▌         | 5/100 [00:10<02:44,  1.73s/it]  6%|▌         | 6/100 [00:13<03:16,  2.10s/it]  7%|▋         | 7/100 [00:13<02:18,  1.49s/it]  8%|▊         | 8/100 [00:13<01:44,  1.13s/it]  9%|▉         | 9/100 [00:13<01:20,  1.13it/s] 10%|█         | 10/100 [00:14<01:23,  1.08it/s] 11%|█         | 11/100 [00:16<01:30,  1.02s/it] 12%|█▏        | 12/100 [00:16<01:19,  1.10it/s] 13%|█▎        | 13/100 [00:17<01:01,  1.42it/s] 14%|█▍        | 14/100 [00:19<01:41,  1.18s/it] 15%|█▌        | 15/100 [00:22<02:38,  1.86s/it] 16%|█▌        | 16/100 [00:23<02:15,  1.61s/it] 17%|█▋        | 17/100 [00:24<01:40,  1.21s/it] 18%|█▊        | 18/100 [00:24<01:23,  1.02s/it] 19%|█▉        | 19/100 [00:25<01:06,  1.21it/s] 20%|██        | 20/100 [00:25<00:50,  1.58it/s] 21%|██        | 21/100 [00:25<00:40,  1.97it/s] 22%|██▏       | 22/100 [00:25<00:33,  2.32it/s] 23%|██▎       | 23/100 [00:25<00:29,  2.63it/s] 24%|██▍       | 24/100 [00:26<00:24,  3.13it/s] 25%|██▌       | 25/100 [00:26<00:26,  2.86it/s] 26%|██▌       | 26/100 [00:26<00:22,  3.25it/s] 27%|██▋       | 27/100 [00:27<00:20,  3.57it/s] 28%|██▊       | 28/100 [00:27<00:18,  3.89it/s] 29%|██▉       | 29/100 [00:27<00:22,  3.22it/s] 30%|███       | 30/100 [00:27<00:22,  3.16it/s] 31%|███       | 31/100 [00:28<00:19,  3.51it/s] 32%|███▏      | 32/100 [00:28<00:19,  3.43it/s] 33%|███▎      | 33/100 [00:28<00:19,  3.43it/s] 34%|███▍      | 34/100 [00:29<00:21,  3.12it/s] 35%|███▌      | 35/100 [00:29<00:18,  3.46it/s] 36%|███▌      | 36/100 [00:29<00:17,  3.76it/s] 37%|███▋      | 37/100 [00:29<00:15,  4.15it/s] 38%|███▊      | 38/100 [00:30<00:21,  2.88it/s] 39%|███▉      | 39/100 [00:30<00:22,  2.69it/s] 40%|████      | 40/100 [00:31<00:19,  3.04it/s] 41%|████      | 41/100 [00:31<00:18,  3.25it/s] 42%|████▏     | 42/100 [00:31<00:19,  2.92it/s] 43%|████▎     | 43/100 [00:32<00:20,  2.74it/s] 44%|████▍     | 44/100 [00:32<00:22,  2.54it/s] 45%|████▌     | 45/100 [00:33<00:22,  2.43it/s] 46%|████▌     | 46/100 [00:34<00:31,  1.73it/s] 47%|████▋     | 47/100 [00:34<00:24,  2.13it/s] 48%|████▊     | 48/100 [00:34<00:25,  2.04it/s] 49%|████▉     | 49/100 [00:35<00:24,  2.10it/s] 50%|█████     | 50/100 [00:36<00:40,  1.25it/s] 51%|█████     | 51/100 [00:37<00:32,  1.50it/s] 52%|█████▏    | 52/100 [00:37<00:26,  1.80it/s] 53%|█████▎    | 53/100 [00:37<00:22,  2.09it/s] 54%|█████▍    | 54/100 [00:37<00:18,  2.43it/s] 55%|█████▌    | 55/100 [00:38<00:17,  2.58it/s] 56%|█████▌    | 56/100 [00:38<00:15,  2.87it/s] 57%|█████▋    | 57/100 [00:38<00:13,  3.18it/s] 58%|█████▊    | 58/100 [00:39<00:14,  2.81it/s] 59%|█████▉    | 59/100 [00:39<00:12,  3.32it/s] 60%|██████    | 60/100 [00:39<00:13,  3.00it/s] 61%|██████    | 61/100 [00:40<00:17,  2.21it/s] 62%|██████▏   | 62/100 [00:41<00:20,  1.84it/s] 63%|██████▎   | 63/100 [00:41<00:20,  1.82it/s] 64%|██████▍   | 64/100 [00:42<00:17,  2.09it/s] 65%|██████▌   | 65/100 [00:42<00:13,  2.54it/s] 66%|██████▌   | 66/100 [00:42<00:12,  2.73it/s] 67%|██████▋   | 67/100 [00:42<00:10,  3.18it/s] 68%|██████▊   | 68/100 [00:43<00:11,  2.79it/s] 69%|██████▉   | 69/100 [00:43<00:10,  2.91it/s] 70%|███████   | 70/100 [00:43<00:09,  3.02it/s] 71%|███████   | 71/100 [00:44<00:09,  2.92it/s] 72%|███████▏  | 72/100 [00:44<00:08,  3.29it/s] 73%|███████▎  | 73/100 [00:44<00:07,  3.60it/s] 74%|███████▍  | 74/100 [00:44<00:06,  4.10it/s] 75%|███████▌  | 75/100 [00:45<00:05,  4.59it/s] 76%|███████▌  | 76/100 [00:45<00:04,  4.84it/s] 77%|███████▋  | 77/100 [00:45<00:04,  5.25it/s] 78%|███████▊  | 78/100 [00:45<00:05,  4.36it/s] 79%|███████▉  | 79/100 [00:45<00:04,  4.95it/s] 80%|████████  | 80/100 [00:46<00:06,  3.26it/s] 81%|████████  | 81/100 [00:46<00:05,  3.74it/s] 82%|████████▏ | 82/100 [00:46<00:05,  3.54it/s] 83%|████████▎ | 83/100 [00:47<00:04,  3.49it/s] 84%|████████▍ | 84/100 [00:47<00:05,  3.05it/s] 85%|████████▌ | 85/100 [00:47<00:04,  3.38it/s] 86%|████████▌ | 86/100 [00:48<00:06,  2.20it/s] 87%|████████▋ | 87/100 [00:49<00:06,  1.88it/s] 88%|████████▊ | 88/100 [00:49<00:05,  2.25it/s] 89%|████████▉ | 89/100 [00:49<00:04,  2.46it/s] 90%|█████████ | 90/100 [02:19<04:32, 27.25s/it] 91%|█████████ | 91/100 [03:25<05:47, 38.63s/it] 92%|█████████▏| 92/100 [03:25<03:37, 27.14s/it] 93%|█████████▎| 93/100 [03:25<02:13, 19.07s/it] 94%|█████████▍| 94/100 [03:27<01:23, 13.97s/it]100%|██████████| 100/100 [03:27<00:00,  2.08s/it]
  0%|          | 0/100 [00:00<?, ?it/s]  1%|          | 1/100 [00:16<27:28, 16.66s/it]  2%|▏         | 2/100 [02:47<2:36:06, 95.58s/it]  3%|▎         | 3/100 [03:40<2:02:46, 75.94s/it]  4%|▍         | 4/100 [04:09<1:32:21, 57.72s/it]  5%|▌         | 5/100 [07:32<2:54:09, 110.00s/it]  6%|▌         | 6/100 [16:52<6:52:15, 263.14s/it]  7%|▋         | 7/100 [17:30<4:53:45, 189.52s/it]  8%|▊         | 8/100 [18:48<3:55:59, 153.91s/it]  9%|▉         | 9/100 [19:26<2:58:16, 117.54s/it] 10%|█         | 10/100 [23:59<4:08:33, 165.71s/it] 11%|█         | 11/100 [30:57<6:00:21, 242.94s/it] 12%|█▏        | 12/100 [33:46<5:23:04, 220.27s/it] 13%|█▎        | 13/100 [33:59<3:48:40, 157.71s/it] 14%|█▍        | 14/100 [39:25<4:58:45, 208.43s/it] 15%|█▌        | 15/100 [54:52<10:02:18, 425.16s/it] 16%|█▌        | 16/100 [1:06:28<11:48:57, 506.40s/it] 17%|█▋        | 17/100 [1:06:52<8:20:04, 361.50s/it]  18%|█▊        | 18/100 [1:10:29<7:14:48, 318.16s/it] 19%|█▉        | 19/100 [1:11:25<5:23:07, 239.35s/it] 20%|██        | 20/100 [1:11:46<3:51:52, 173.91s/it] 21%|██        | 21/100 [1:12:15<2:51:28, 130.24s/it] 22%|██▏       | 22/100 [1:12:43<2:09:22, 99.51s/it]  23%|██▎       | 23/100 [1:13:36<1:49:44, 85.52s/it] 24%|██▍       | 24/100 [1:13:57<1:23:58, 66.29s/it] 25%|██▌       | 25/100 [1:15:04<1:23:04, 66.47s/it] 26%|██▌       | 26/100 [1:15:53<1:15:37, 61.32s/it] 27%|██▋       | 27/100 [1:16:20<1:01:47, 50.79s/it] 28%|██▊       | 28/100 [1:16:29<45:54, 38.26s/it]   29%|██▉       | 29/100 [1:19:07<1:28:03, 74.42s/it] 30%|███       | 30/100 [1:19:46<1:14:23, 63.76s/it] 31%|███       | 31/100 [1:20:12<1:00:15, 52.40s/it] 32%|███▏      | 32/100 [1:21:25<1:06:12, 58.43s/it] 33%|███▎      | 33/100 [1:22:35<1:09:13, 61.99s/it] 34%|███▍      | 34/100 [1:24:30<1:25:47, 77.99s/it] 35%|███▌      | 35/100 [1:25:15<1:13:35, 67.94s/it] 36%|███▌      | 36/100 [1:25:46<1:00:37, 56.83s/it] 37%|███▋      | 37/100 [1:26:00<46:11, 43.99s/it]   38%|███▊      | 38/100 [1:32:46<2:37:41, 152.61s/it] 39%|███▉      | 39/100 [1:34:53<2:27:23, 144.98s/it] 40%|████      | 40/100 [1:35:31<1:53:03, 113.06s/it] 41%|████      | 41/100 [1:37:04<1:45:04, 106.85s/it] 42%|████▏     | 42/100 [1:38:26<1:36:00, 99.33s/it]  43%|████▎     | 43/100 [1:40:25<1:40:08, 105.41s/it] 44%|████▍     | 44/100 [1:45:01<2:26:10, 156.62s/it] 45%|████▌     | 45/100 [1:47:50<2:26:53, 160.24s/it] 46%|████▌     | 46/100 [1:57:26<4:16:21, 284.84s/it] 47%|████▋     | 47/100 [1:58:07<3:07:08, 211.85s/it] 48%|████▊     | 48/100 [2:04:26<3:47:01, 261.94s/it] 49%|████▉     | 49/100 [2:07:01<3:15:25, 229.91s/it] 50%|█████     | 50/100 [2:26:24<7:04:54, 509.88s/it] 51%|█████     | 51/100 [2:28:38<5:24:22, 397.19s/it] 52%|█████▏    | 52/100 [2:30:25<4:08:02, 310.05s/it] 53%|█████▎    | 53/100 [2:32:58<3:25:53, 262.85s/it] 54%|█████▍    | 54/100 [2:33:59<2:35:11, 202.42s/it] 55%|█████▌    | 55/100 [2:37:52<2:38:36, 211.47s/it] 56%|█████▌    | 56/100 [2:40:20<2:21:03, 192.34s/it] 57%|█████▋    | 57/100 [2:41:42<1:54:13, 159.39s/it] 58%|█████▊    | 58/100 [2:44:06<1:48:20, 154.77s/it] 59%|█████▉    | 59/100 [2:44:52<1:23:28, 122.17s/it] 60%|██████    | 60/100 [2:47:38<1:30:15, 135.39s/it] 61%|██████    | 61/100 [2:53:59<2:15:53, 209.06s/it] 62%|██████▏   | 62/100 [2:59:59<2:41:02, 254.27s/it] 63%|██████▎   | 63/100 [3:02:39<2:19:17, 225.88s/it] 64%|██████▍   | 64/100 [3:04:57<1:59:41, 199.47s/it] 65%|██████▌   | 65/100 [3:05:56<1:31:54, 157.56s/it] 66%|██████▌   | 66/100 [3:07:23<1:17:08, 136.14s/it] 67%|██████▋   | 67/100 [3:07:57<58:01, 105.50s/it]   68%|██████▊   | 68/100 [3:18:35<2:21:30, 265.33s/it] 69%|██████▉   | 69/100 [3:23:01<2:17:11, 265.54s/it] 70%|███████   | 70/100 [3:26:45<2:06:33, 253.13s/it] 71%|███████   | 71/100 [3:31:25<2:06:15, 261.22s/it] 72%|███████▏  | 72/100 [3:33:28<1:42:33, 219.75s/it] 73%|███████▎  | 73/100 [3:33:58<1:13:13, 162.70s/it] 74%|███████▍  | 74/100 [3:34:34<54:03, 124.75s/it]   75%|███████▌  | 75/100 [3:35:26<42:56, 103.08s/it] 76%|███████▌  | 76/100 [3:36:37<37:17, 93.22s/it]  77%|███████▋  | 77/100 [3:37:06<28:23, 74.07s/it] 78%|███████▊  | 78/100 [3:43:48<1:03:13, 172.43s/it] 79%|███████▉  | 79/100 [3:44:12<44:42, 127.76s/it]   80%|████████  | 80/100 [3:50:12<1:05:49, 197.46s/it] 81%|████████  | 81/100 [3:50:27<45:11, 142.73s/it]   82%|████████▏ | 82/100 [3:52:01<38:27, 128.20s/it] 83%|████████▎ | 83/100 [3:54:35<38:33, 136.09s/it] 84%|████████▍ | 84/100 [3:57:15<38:08, 143.00s/it] 85%|████████▌ | 85/100 [3:57:52<27:52, 111.47s/it] 86%|████████▌ | 86/100 [4:02:40<38:21, 164.38s/it] 87%|████████▋ | 87/100 [4:16:30<1:18:52, 364.05s/it] 88%|████████▊ | 88/100 [4:17:11<53:25, 267.13s/it]   89%|████████▉ | 89/100 [4:19:52<43:07, 235.22s/it] 90%|█████████ | 90/100 [4:23:49<39:17, 235.75s/it] 91%|█████████ | 91/100 [4:27:43<35:17, 235.24s/it] 92%|█████████▏| 92/100 [4:33:46<36:29, 273.64s/it] 93%|█████████▎| 93/100 [4:39:19<34:00, 291.48s/it] 94%|█████████▍| 94/100 [6:14:17<3:11:19, 1913.29s/it] 94%|█████████▍| 94/100 [6:14:17<23:53, 238.91s/it]   
Traceback (most recent call last):
  File "/home/bailey/.local/lib/python3.10/site-packages/pymysql/connections.py", line 806, in _write_bytes
    self._sock.sendall(data)
ConnectionResetError: [Errno 104] Connection reset by peer

During handling of the above exception, another exception occurred:

Traceback (most recent call last):
  File "/home/bailey/workspace/load_data.py", line 58, in <module>
    cursor.execute(sql_query)
  File "/home/bailey/.local/lib/python3.10/site-packages/pymysql/cursors.py", line 153, in execute
    result = self._query(query)
  File "/home/bailey/.local/lib/python3.10/site-packages/pymysql/cursors.py", line 322, in _query
    conn.query(q)
  File "/home/bailey/.local/lib/python3.10/site-packages/pymysql/connections.py", line 562, in query
    self._execute_command(COMMAND.COM_QUERY, sql)
  File "/home/bailey/.local/lib/python3.10/site-packages/pymysql/connections.py", line 864, in _execute_command
    self._write_bytes(packet)
  File "/home/bailey/.local/lib/python3.10/site-packages/pymysql/connections.py", line 809, in _write_bytes
    raise err.OperationalError(
pymysql.err.OperationalError: (2006, "MySQL server has gone away (ConnectionResetError(104, 'Connection reset by peer'))")
  0%|          | 0/100 [00:00<?, ?it/s]  1%|          | 1/100 [00:06<10:19,  6.25s/it]  2%|▏         | 2/100 [00:22<19:37, 12.01s/it]  3%|▎         | 3/100 [00:27<14:39,  9.07s/it]  4%|▍         | 4/100 [00:30<10:32,  6.59s/it]  5%|▌         | 5/100 [00:37<10:24,  6.57s/it]  6%|▌         | 6/100 [00:46<11:46,  7.51s/it]  7%|▋         | 7/100 [00:48<08:47,  5.67s/it]  8%|▊         | 8/100 [00:50<07:08,  4.66s/it]  9%|▉         | 9/100 [00:53<05:53,  3.88s/it] 10%|█         | 10/100 [00:57<06:00,  4.01s/it] 11%|█         | 11/100 [01:02<06:24,  4.32s/it] 12%|█▏        | 12/100 [01:05<05:37,  3.84s/it] 13%|█▎        | 13/100 [01:07<04:43,  3.26s/it] 14%|█▍        | 14/100 [01:14<06:35,  4.60s/it] 15%|█▌        | 15/100 [01:25<09:13,  6.51s/it] 16%|█▌        | 16/100 [01:30<08:18,  5.93s/it] 17%|█▋        | 17/100 [01:32<06:32,  4.73s/it] 18%|█▊        | 18/100 [01:36<06:05,  4.45s/it] 19%|█▉        | 19/100 [01:38<05:11,  3.84s/it] 20%|██        | 20/100 [01:40<04:16,  3.21s/it] 21%|██        | 21/100 [01:41<03:40,  2.79s/it] 22%|██▏       | 22/100 [01:43<03:16,  2.52s/it] 23%|██▎       | 23/100 [01:45<02:59,  2.34s/it] 24%|██▍       | 24/100 [01:47<02:42,  2.14s/it] 25%|██▌       | 25/100 [01:49<02:35,  2.08s/it] 26%|██▌       | 26/100 [01:51<02:27,  1.99s/it] 27%|██▋       | 27/100 [01:53<02:23,  1.97s/it] 28%|██▊       | 28/100 [01:54<02:18,  1.92s/it] 29%|██▉       | 29/100 [01:57<02:33,  2.16s/it] 30%|███       | 30/100 [01:59<02:34,  2.21s/it] 31%|███       | 31/100 [02:01<02:24,  2.10s/it] 32%|███▏      | 32/100 [02:04<02:27,  2.16s/it] 33%|███▎      | 33/100 [02:06<02:26,  2.19s/it] 34%|███▍      | 34/100 [02:08<02:30,  2.28s/it] 35%|███▌      | 35/100 [02:10<02:19,  2.15s/it] 36%|███▌      | 36/100 [02:12<02:13,  2.09s/it] 37%|███▋      | 37/100 [02:14<02:06,  2.00s/it] 38%|███▊      | 38/100 [02:17<02:29,  2.41s/it] 39%|███▉      | 39/100 [02:20<02:30,  2.47s/it] 40%|████      | 40/100 [02:22<02:17,  2.29s/it] 41%|████      | 41/100 [02:24<02:09,  2.20s/it] 42%|████▏     | 42/100 [02:26<02:14,  2.33s/it] 43%|████▎     | 43/100 [02:28<02:08,  2.25s/it] 44%|████▍     | 44/100 [02:31<02:17,  2.45s/it] 45%|████▌     | 45/100 [02:34<02:17,  2.49s/it] 46%|████▌     | 46/100 [02:39<03:00,  3.33s/it] 47%|████▋     | 47/100 [02:41<02:32,  2.88s/it] 48%|████▊     | 48/100 [02:44<02:33,  2.95s/it] 49%|████▉     | 49/100 [02:47<02:25,  2.85s/it] 50%|█████     | 50/100 [02:52<03:04,  3.69s/it] 51%|█████     | 51/100 [02:55<02:42,  3.31s/it] 52%|█████▏    | 52/100 [02:57<02:22,  2.98s/it] 53%|█████▎    | 53/100 [02:59<02:07,  2.72s/it] 54%|█████▍    | 54/100 [03:01<01:55,  2.51s/it] 55%|█████▌    | 55/100 [03:04<01:51,  2.48s/it] 56%|█████▌    | 56/100 [03:06<01:44,  2.37s/it] 57%|█████▋    | 57/100 [03:08<01:38,  2.29s/it] 58%|█████▊    | 58/100 [03:11<01:42,  2.43s/it] 59%|█████▉    | 59/100 [03:13<01:33,  2.28s/it] 60%|██████    | 60/100 [03:15<01:37,  2.45s/it] 61%|██████    | 61/100 [03:18<01:39,  2.56s/it] 62%|██████▏   | 62/100 [03:22<01:52,  2.96s/it] 63%|██████▎   | 63/100 [03:25<01:52,  3.04s/it] 64%|██████▍   | 64/100 [03:28<01:41,  2.81s/it] 65%|██████▌   | 65/100 [03:30<01:29,  2.55s/it] 66%|██████▌   | 66/100 [03:32<01:25,  2.52s/it] 67%|██████▋   | 67/100 [03:34<01:17,  2.35s/it] 68%|██████▊   | 68/100 [03:37<01:22,  2.57s/it] 69%|██████▉   | 69/100 [03:40<01:21,  2.63s/it] 70%|███████   | 70/100 [03:42<01:16,  2.53s/it] 71%|███████   | 71/100 [03:45<01:12,  2.51s/it] 72%|███████▏  | 72/100 [03:46<01:04,  2.32s/it] 73%|███████▎  | 73/100 [03:48<00:59,  2.20s/it] 74%|███████▍  | 74/100 [03:50<00:53,  2.07s/it] 75%|███████▌  | 75/100 [03:52<00:49,  2.00s/it] 76%|███████▌  | 76/100 [03:54<00:47,  1.96s/it] 77%|███████▋  | 77/100 [03:56<00:44,  1.94s/it] 78%|███████▊  | 78/100 [03:58<00:45,  2.08s/it] 79%|███████▉  | 79/100 [04:00<00:41,  1.97s/it] 80%|████████  | 80/100 [04:03<00:44,  2.23s/it] 81%|████████  | 81/100 [04:05<00:40,  2.13s/it] 82%|████████▏ | 82/100 [04:07<00:40,  2.24s/it] 83%|████████▎ | 83/100 [04:09<00:38,  2.24s/it] 84%|████████▍ | 84/100 [04:12<00:38,  2.42s/it] 85%|████████▌ | 85/100 [04:14<00:34,  2.30s/it] 86%|████████▌ | 86/100 [04:18<00:37,  2.70s/it] 87%|████████▋ | 87/100 [04:21<00:38,  2.96s/it] 88%|████████▊ | 88/100 [04:24<00:32,  2.71s/it] 89%|████████▉ | 89/100 [04:26<00:28,  2.63s/it] 90%|█████████ | 90/100 [04:28<00:24,  2.44s/it] 91%|█████████ | 91/100 [04:30<00:20,  2.23s/it] 92%|█████████▏| 92/100 [04:32<00:17,  2.17s/it] 93%|█████████▎| 93/100 [04:34<00:14,  2.08s/it] 94%|█████████▍| 94/100 [04:40<00:20,  3.34s/it] 95%|█████████▌| 95/100 [04:40<00:12,  2.45s/it] 96%|█████████▌| 96/100 [04:41<00:07,  1.82s/it] 97%|█████████▋| 97/100 [04:41<00:04,  1.39s/it] 98%|█████████▊| 98/100 [04:41<00:02,  1.08s/it] 99%|█████████▉| 99/100 [04:42<00:00,  1.15it/s]100%|██████████| 100/100 [04:42<00:00,  1.40it/s]100%|██████████| 100/100 [04:42<00:00,  2.83s/it]
  0%|          | 0/100 [00:00<?, ?it/s]  1%|          | 1/100 [00:11<18:50, 11.42s/it]  2%|▏         | 2/100 [00:42<37:35, 23.01s/it]  3%|▎         | 3/100 [00:53<27:58, 17.30s/it]  4%|▍         | 4/100 [01:00<21:14, 13.28s/it]  5%|▌         | 5/100 [01:20<24:55, 15.74s/it]  6%|▌         | 6/100 [02:21<49:09, 31.37s/it]  7%|▋         | 7/100 [02:27<35:40, 23.01s/it]  8%|▊         | 8/100 [02:37<28:46, 18.77s/it]  9%|▉         | 9/100 [02:44<22:52, 15.08s/it] 10%|█         | 10/100 [03:25<34:45, 23.18s/it] 11%|█         | 11/100 [04:38<56:46, 38.28s/it] 12%|█▏        | 12/100 [05:03<50:06, 34.16s/it] 13%|█▎        | 13/100 [05:09<37:15, 25.69s/it] 14%|█▍        | 14/100 [06:07<50:55, 35.53s/it] 15%|█▌        | 15/100 [08:32<1:37:02, 68.50s/it] 16%|█▌        | 16/100 [09:04<1:20:24, 57.43s/it] 17%|█▋        | 17/100 [09:11<58:48, 42.51s/it]  